<?xml version="1.0" encoding="UTF-8"?>
<testsuite xmlns:xsi="http://www.w3.org/2001/XMLSchema-instance" xsi:noNamespaceSchemaLocation="https://maven.apache.org/surefire/maven-surefire-plugin/xsd/surefire-test-report-3.0.xsd" version="3.0" name="com.dlut.bugtestmanage.BugTestManageApplicationTests" time="4.562" tests="1" errors="0" skipped="0" failures="0">
  <properties>
[...]
</properties>
  <testcase name="contextLoads" classname="com.dlut.bugtestmanage.BugTestManageApplicationTests" time="0.765">
    <system-out><![CDATA[19:14:42.213 [main] DEBUG org.springframework.test.context.BootstrapUtils - Instantiating CacheAwareContextLoaderDelegate from class [org.springframework.test.context.cache.DefaultCacheAwareContextLoaderDelegate]
19:14:42.221 [main] DEBUG org.springframework.test.context.BootstrapUtils - Instantiating BootstrapContext using constructor [public org.springframework.test.context.support.DefaultBootstrapContext(java.lang.Class,org.springframework.test.context.CacheAwareContextLoaderDelegate)]
19:14:42.255 [main] DEBUG org.springframework.test.context.BootstrapUtils - Instantiating TestContextBootstrapper for test class [com.dlut.bugtestmanage.BugTestManageApplicationTests] from class [org.springframework.boot.test.context.SpringBootTestContextBootstrapper]
19:14:42.267 [main] INFO org.springframework.boot.test.context.SpringBootTestContextBootstrapper - Neither @ContextConfiguration nor @ContextHierarchy found for test class [com.dlut.bugtestmanage.BugTestManageApplicationTests], using SpringBootContextLoader
19:14:42.270 [main] DEBUG org.springframework.test.context.support.AbstractContextLoader - Did not detect default resource location for test class [com.dlut.bugtestmanage.BugTestManageApplicationTests]: class path resource [com/dlut/bugtestmanage/BugTestManageApplicationTests-context.xml] does not exist
19:14:42.270 [main] DEBUG org.springframework.test.context.support.AbstractContextLoader - Did not detect default resource location for test class [com.dlut.bugtestmanage.BugTestManageApplicationTests]: class path resource [com/dlut/bugtestmanage/BugTestManageApplicationTestsContext.groovy] does not exist
19:14:42.270 [main] INFO org.springframework.test.context.support.AbstractContextLoader - Could not detect default resource locations for test class [com.dlut.bugtestmanage.BugTestManageApplicationTests]: no resource found for suffixes {-context.xml, Context.groovy}.
19:14:42.271 [main] INFO org.springframework.test.context.support.AnnotationConfigContextLoaderUtils - Could not detect default configuration classes for test class [com.dlut.bugtestmanage.BugTestManageApplicationTests]: BugTestManageApplicationTests does not declare any static, non-private, non-final, nested classes annotated with @Configuration.
19:14:42.321 [main] DEBUG org.springframework.test.context.support.ActiveProfilesUtils - Could not find an 'annotation declaring class' for annotation type [org.springframework.test.context.ActiveProfiles] and class [com.dlut.bugtestmanage.BugTestManageApplicationTests]
19:14:42.387 [main] DEBUG org.springframework.context.annotation.ClassPathScanningCandidateComponentProvider - Identified candidate component class: file [D:\大四上学期学习资料\实习实训\东软BUG测试管理系统\后端代码\bugtestall\target\classes\com\dlut\bugtestmanage\BugTestManageApplication.class]
19:14:42.391 [main] INFO org.springframework.boot.test.context.SpringBootTestContextBootstrapper - Found @SpringBootConfiguration com.dlut.bugtestmanage.BugTestManageApplication for test class com.dlut.bugtestmanage.BugTestManageApplicationTests
19:14:42.477 [main] DEBUG org.springframework.boot.test.context.SpringBootTestContextBootstrapper - @TestExecutionListeners is not present for class [com.dlut.bugtestmanage.BugTestManageApplicationTests]: using defaults.
19:14:42.477 [main] INFO org.springframework.boot.test.context.SpringBootTestContextBootstrapper - Loaded default TestExecutionListener class names from location [META-INF/spring.factories]: [org.springframework.boot.test.mock.mockito.MockitoTestExecutionListener, org.springframework.boot.test.mock.mockito.ResetMocksTestExecutionListener, org.springframework.boot.test.autoconfigure.restdocs.RestDocsTestExecutionListener, org.springframework.boot.test.autoconfigure.web.client.MockRestServiceServerResetTestExecutionListener, org.springframework.boot.test.autoconfigure.web.servlet.MockMvcPrintOnlyOnFailureTestExecutionListener, org.springframework.boot.test.autoconfigure.web.servlet.WebDriverTestExecutionListener, org.springframework.boot.test.autoconfigure.webservices.client.MockWebServiceServerTestExecutionListener, org.springframework.test.context.web.ServletTestExecutionListener, org.springframework.test.context.support.DirtiesContextBeforeModesTestExecutionListener, org.springframework.test.context.event.ApplicationEventsTestExecutionListener, org.springframework.test.context.support.DependencyInjectionTestExecutionListener, org.springframework.test.context.support.DirtiesContextTestExecutionListener, org.springframework.test.context.transaction.TransactionalTestExecutionListener, org.springframework.test.context.jdbc.SqlScriptsTestExecutionListener, org.springframework.test.context.event.EventPublishingTestExecutionListener]
19:14:42.491 [main] INFO org.springframework.boot.test.context.SpringBootTestContextBootstrapper - Using TestExecutionListeners: [org.springframework.test.context.web.ServletTestExecutionListener@7d1cfb8b, org.springframework.test.context.support.DirtiesContextBeforeModesTestExecutionListener@48e92c5c, org.springframework.test.context.event.ApplicationEventsTestExecutionListener@2e1ef60, org.springframework.boot.test.mock.mockito.MockitoTestExecutionListener@22356acd, org.springframework.boot.test.autoconfigure.SpringBootDependencyInjectionTestExecutionListener@386f0da3, org.springframework.test.context.support.DirtiesContextTestExecutionListener@39655d3e, org.springframework.test.context.transaction.TransactionalTestExecutionListener@34f22f9d, org.springframework.test.context.jdbc.SqlScriptsTestExecutionListener@3d1848cc, org.springframework.test.context.event.EventPublishingTestExecutionListener@7dda48d9, org.springframework.boot.test.mock.mockito.ResetMocksTestExecutionListener@6e4566f1, org.springframework.boot.test.autoconfigure.restdocs.RestDocsTestExecutionListener@4b6e2263, org.springframework.boot.test.autoconfigure.web.client.MockRestServiceServerResetTestExecutionListener@344f4dea, org.springframework.boot.test.autoconfigure.web.servlet.MockMvcPrintOnlyOnFailureTestExecutionListener@1b7c473a, org.springframework.boot.test.autoconfigure.web.servlet.WebDriverTestExecutionListener@5e4bd84a, org.springframework.boot.test.autoconfigure.webservices.client.MockWebServiceServerTestExecutionListener@648c94da]
19:14:42.494 [main] DEBUG org.springframework.test.context.support.AbstractDirtiesContextTestExecutionListener - Before test class: context [DefaultTestContext@531f4093 testClass = BugTestManageApplicationTests, testInstance = [null], testMethod = [null], testException = [null], mergedContextConfiguration = [WebMergedContextConfiguration@62ef27a8 testClass = BugTestManageApplicationTests, locations = '{}', classes = '{class com.dlut.bugtestmanage.BugTestManageApplication}', contextInitializerClasses = '[]', activeProfiles = '{}', propertySourceLocations = '{}', propertySourceProperties = '{org.springframework.boot.test.context.SpringBootTestContextBootstrapper=true}', contextCustomizers = set[org.springframework.boot.test.context.filter.ExcludeFilterContextCustomizer@1c7696c6, org.springframework.boot.test.json.DuplicateJsonObjectContextCustomizerFactory$DuplicateJsonObjectContextCustomizer@1e6a3214, org.springframework.boot.test.mock.mockito.MockitoContextCustomizer@0, org.springframework.boot.test.web.client.TestRestTemplateContextCustomizer@6d4d66d2, org.springframework.boot.test.autoconfigure.actuate.metrics.MetricsExportContextCustomizerFactory$DisableMetricExportContextCustomizer@78e4deb0, org.springframework.boot.test.autoconfigure.properties.PropertyMappingContextCustomizer@0, org.springframework.boot.test.autoconfigure.web.servlet.WebDriverContextCustomizerFactory$Customizer@74e28667, org.springframework.boot.test.context.SpringBootTestArgs@1, org.springframework.boot.test.context.SpringBootTestWebEnvironment@68ceda24], resourceBasePath = 'src/main/webapp', contextLoader = 'org.springframework.boot.test.context.SpringBootContextLoader', parent = [null]], attributes = map['org.springframework.test.context.web.ServletTestExecutionListener.activateListener' -> true]], class annotated with @DirtiesContext [false] with mode [null].

  .   ____          _            __ _ _
 /\\ / ___'_ __ _ _(_)_ __  __ _ \ \ \ \
( ( )\___ | '_ | '_| | '_ \/ _` | \ \ \ \
 \\/  ___)| |_)| | | | | || (_| |  ) ) ) )
  '  |____| .__|_| |_|_| |_\__, | / / / /
 =========|_|==============|___/=/_/_/_/
 :: Spring Boot ::               (v2.6.13)

2024-11-28 19:14:42.845  INFO 6664 --- [           main] c.d.b.BugTestManageApplicationTests      : Starting BugTestManageApplicationTests using Java 17.0.10 on LAPTOP-1J9JKDE2 with PID 6664 (started by LJF in D:\大四上学期学习资料\实习实训\东软BUG测试管理系统\后端代码\bugtestall)
2024-11-28 19:14:42.847  INFO 6664 --- [           main] c.d.b.BugTestManageApplicationTests      : No active profile set, falling back to 1 default profile: "default"
Logging initialized using 'class org.apache.ibatis.logging.stdout.StdOutImpl' adapter.
Registered plugin: 'com.baomidou.mybatisplus.extension.plugins.MybatisPlusInterceptor@43a09ce2'
Property 'mapperLocations' was not specified.
 _ _   |_  _ _|_. ___ _ |    _ 
| | |\/|_)(_| | |_\  |_)||_|_\ 
     /               |         
                        3.5.2 
2024-11-28 19:14:45.899  INFO 6664 --- [           main] c.d.b.BugTestManageApplicationTests      : Started BugTestManageApplicationTests in 3.368 seconds (JVM running for 4.3)
]]></system-out>
  </testcase>
</testsuite>